#
# There is insufficient memory for the Java Runtime Environment to continue.
# Native memory allocation (malloc) failed to allocate 968096 bytes for Chunk::new
# Possible reasons:
#   The system is out of physical RAM or swap space
#   The process is running with CompressedOops enabled, and the Java Heap may be blocking the growth of the native heap
# Possible solutions:
#   Reduce memory load on the system
#   Increase physical memory or swap space
#   Check if swap backing store is full
#   Decrease Java heap size (-Xmx/-Xms)
#   Decrease number of Java threads
#   Decrease Java thread stack sizes (-Xss)
#   Set larger code cache with -XX:ReservedCodeCacheSize=
#   JVM is running with Unscaled Compressed Oops mode in which the Java heap is
#     placed in the first 4GB address space. The Java Heap base address is the
#     maximum limit for the native heap growth. Please use -XX:HeapBaseMinAddress
#     to set the Java Heap base and to place the Java Heap above 4GB virtual address.
# This output file may be truncated or incomplete.
#
#  Out of Memory Error (allocation.cpp:389), pid=13444, tid=0x0000000000001ce4
#
# JRE version: OpenJDK Runtime Environment (8.0_292-b10) (build 1.8.0_292-b10)
# Java VM: OpenJDK 64-Bit Server VM (25.292-b10 mixed mode windows-amd64 compressed oops)
# Failed to write core dump. Minidumps are not enabled by default on client versions of Windows
#

---------------  T H R E A D  ---------------

Current thread (0x000000001478f000):  JavaThread "C2 CompilerThread1" daemon [_thread_in_native, id=7396, stack(0x0000000015ef0000,0x0000000015ff0000)]

Stack: [0x0000000015ef0000,0x0000000015ff0000]
[error occurred during error reporting (printing stack bounds), id 0xc0000005]

Native frames: (J=compiled Java code, j=interpreted, Vv=VM code, C=native code)


Current CompileTask:
C2: 505391 25428       4       org.gradle.api.internal.artifacts.ivyservice.moduleconverter.DefaultLocalComponentMetadataBuilder::addConfiguration (59 bytes)


---------------  P R O C E S S  ---------------

Java Threads: ( => current thread )
  0x000000001c76c000 JavaThread "RMI TCP Connection(3)-127.0.0.1" daemon [_thread_in_native, id=8108, stack(0x0000000025d90000,0x0000000025e90000)]
  0x000000001c76c800 JavaThread "RMI TCP Accept-0" daemon [_thread_in_native, id=12568, stack(0x00000000257f0000,0x00000000258f0000)]
  0x000000001c770800 JavaThread "RMI RenewClean-[127.0.0.1:17917,org.jetbrains.kotlin.daemon.common.LoopbackNetworkInterface$ClientLoopbackSocketFactory@a0d61f0]" daemon [_thread_blocked, id=15124, stack(0x00000000256f0000,0x00000000257f0000)]
  0x000000001c76f800 JavaThread "RMI TCP Connection(2)-127.0.0.1" daemon [_thread_in_native, id=11488, stack(0x0000000024ff0000,0x00000000250f0000)]
  0x000000001c76f000 JavaThread "RMI Reaper" [_thread_blocked, id=4156, stack(0x0000000024ef0000,0x0000000024ff0000)]
  0x000000001c6e3800 JavaThread "RMI TCP Accept-0" daemon [_thread_in_native, id=3052, stack(0x0000000024df0000,0x0000000024ef0000)]
  0x000000001c6e2800 JavaThread "GC Daemon" daemon [_thread_blocked, id=1576, stack(0x0000000024cf0000,0x0000000024df0000)]
  0x000000001c6e0000 JavaThread "RMI Scheduler(0)" daemon [_thread_blocked, id=7156, stack(0x0000000024af0000,0x0000000024bf0000)]
  0x000000001c6de800 JavaThread "Cache worker for Java compile cache (D:\aaa\bolt\android\.gradle\6.9\javaCompile)" [_thread_blocked, id=11496, stack(0x00000000241f0000,0x00000000242f0000)]
  0x000000001c6e2000 JavaThread "Cache worker for Java compile cache (C:\Users\User\.gradle\caches\6.9\javaCompile)" [_thread_blocked, id=7308, stack(0x00000000209f0000,0x0000000020af0000)]
  0x000000001c6d7000 JavaThread "WorkerExecutor Queue Thread 5" [_thread_blocked, id=3936, stack(0x00000000240f0000,0x00000000241f0000)]
  0x000000001c6de000 JavaThread "stdout" [_thread_in_native, id=12664, stack(0x00000000204f0000,0x00000000205f0000)]
  0x000000001c6dd000 JavaThread "stderr" [_thread_in_native, id=10072, stack(0x00000000203f0000,0x00000000204f0000)]
  0x000000001c6dc800 JavaThread "stdout" [_thread_in_native, id=11140, stack(0x00000000202f0000,0x00000000203f0000)]
  0x000000001c6d4800 JavaThread "stderr" [_thread_in_native, id=15300, stack(0x00000000201f0000,0x00000000202f0000)]
  0x000000001c6d7800 JavaThread "stdout" [_thread_in_native, id=6940, stack(0x00000000200f0000,0x00000000201f0000)]
  0x000000001c6d6000 JavaThread "stderr" [_thread_in_native, id=10196, stack(0x000000001fff0000,0x00000000200f0000)]
  0x000000001c6da000 JavaThread "pool-15-thread-1" [_thread_blocked, id=12236, stack(0x000000001fef0000,0x000000001fff0000)]
  0x000000001c8ec000 JavaThread "Exec process Thread 6" [_thread_blocked, id=15024, stack(0x000000002ebd0000,0x000000002ecd0000)]
  0x000000001c8f3000 JavaThread "Exec process Thread 5" [_thread_blocked, id=13264, stack(0x000000002ead0000,0x000000002ebd0000)]
  0x000000001c8f1800 JavaThread "Exec process Thread 4" [_thread_blocked, id=4616, stack(0x000000002e9d0000,0x000000002ead0000)]
  0x000000001c8ed800 JavaThread "WorkerExecutor Queue Thread 4" [_thread_blocked, id=13492, stack(0x000000002e8d0000,0x000000002e9d0000)]
  0x000000001c8ee800 JavaThread "WorkerExecutor Queue Thread 3" [_thread_blocked, id=8884, stack(0x000000002e7d0000,0x000000002e8d0000)]
  0x000000001c8f0000 JavaThread "WorkerExecutor Queue" [_thread_blocked, id=11816, stack(0x000000002e5d0000,0x000000002e6d0000)]
  0x000000001c8ed000 JavaThread "Execution worker for ':' Thread 3" [_thread_blocked, id=9192, stack(0x000000002e0c0000,0x000000002e1c0000)]
  0x000000001c8f1000 JavaThread "Execution worker for ':' Thread 2" [_thread_blocked, id=11304, stack(0x000000002dfc0000,0x000000002e0c0000)]
  0x000000001c8ef000 JavaThread "Execution worker for ':'" [_thread_blocked, id=1196, stack(0x000000002dec0000,0x000000002dfc0000)]
  0x000000001c665000 JavaThread "build event listener" [_thread_blocked, id=8480, stack(0x000000002ddc0000,0x000000002dec0000)]
  0x000000001c664800 JavaThread "pool-14-thread-1" [_thread_blocked, id=1444, stack(0x000000002dcc0000,0x000000002ddc0000)]
  0x000000001c667800 JavaThread "Cache worker for execution history cache (D:\aaa\bolt\android\.gradle\6.9\executionHistory)" [_thread_blocked, id=12732, stack(0x000000002caf0000,0x000000002cbf0000)]
  0x000000001c666800 JavaThread "Build operations Thread 4" [_thread_blocked, id=5392, stack(0x000000001f6f0000,0x000000001f7f0000)]
  0x000000001c666000 JavaThread "Build operations Thread 3" [_thread_blocked, id=10488, stack(0x000000001f5f0000,0x000000001f6f0000)]
  0x000000001c663800 JavaThread "Build operations Thread 2" [_thread_blocked, id=12684, stack(0x000000001f2f0000,0x000000001f3f0000)]
  0x000000001c668000 JavaThread "Build operations" [_thread_blocked, id=12908, stack(0x000000001edf0000,0x000000001eef0000)]
  0x000000001c65b800 JavaThread "Cache worker for Build Output Cleanup Cache (D:\aaa\bolt\android\.gradle\buildOutputCleanup)" [_thread_blocked, id=4912, stack(0x000000001ecf0000,0x000000001edf0000)]
  0x000000001c662800 JavaThread "Cache worker for cache directory md-rule (C:\Users\User\.gradle\caches\6.9\md-rule)" [_thread_blocked, id=4952, stack(0x000000001e8f0000,0x000000001e9f0000)]
  0x000000001c662000 JavaThread "Cache worker for cache directory md-supplier (C:\Users\User\.gradle\caches\6.9\md-supplier)" [_thread_blocked, id=15016, stack(0x000000001dc30000,0x000000001dd30000)]
  0x000000001c661000 JavaThread "Cache worker for checksums cache (D:\aaa\bolt\android\.gradle\checksums)" [_thread_blocked, id=2220, stack(0x000000001b8e0000,0x000000001b9e0000)]
  0x000000001c65d000 JavaThread "Cache worker for file hash cache (D:\aaa\bolt\android\.gradle\6.9\fileHashes)" [_thread_blocked, id=14784, stack(0x000000001a010000,0x000000001a110000)]
  0x000000001c659800 JavaThread "Daemon client event forwarder" [_thread_blocked, id=5932, stack(0x0000000019f10000,0x000000001a010000)]
  0x000000001c65b000 JavaThread "Stdin handler" [_thread_blocked, id=14504, stack(0x0000000019e10000,0x0000000019f10000)]
  0x000000001c65a000 JavaThread "Asynchronous log dispatcher for DefaultDaemonConnection: socket connection from /127.0.0.1:52249 to /127.0.0.1:50328" [_thread_blocked, id=9068, stack(0x0000000019c10000,0x0000000019d10000)]
  0x000000001c660800 JavaThread "Cancel handler" [_thread_blocked, id=13508, stack(0x0000000019b10000,0x0000000019c10000)]
  0x000000001c65f800 JavaThread "Handler for socket connection from /127.0.0.1:52249 to /127.0.0.1:50328" [_thread_in_native, id=14008, stack(0x0000000001730000,0x0000000001830000)]
  0x000000001c65e000 JavaThread "pool-11-thread-1" [_thread_blocked, id=10844, stack(0x000000002bff0000,0x000000002c0f0000)]
  0x00000000272df000 JavaThread "pool-8-thread-1" [_thread_blocked, id=6048, stack(0x000000002dbc0000,0x000000002dcc0000)]
  0x000000001d07f000 JavaThread "pool-3-thread-1" [_thread_blocked, id=6556, stack(0x000000002a5f0000,0x000000002a6f0000)]
  0x000000001c776000 JavaThread "Memory manager" [_thread_blocked, id=12268, stack(0x0000000025c90000,0x0000000025d90000)]
  0x0000000016b16800 JavaThread "Cache worker for file content cache (C:\Users\User\.gradle\caches\6.9\fileContent)" [_thread_blocked, id=14396, stack(0x000000001e9f0000,0x000000001eaf0000)]
  0x0000000016b18000 JavaThread "Cache worker for execution history cache (C:\Users\User\.gradle\caches\6.9\executionHistory)" [_thread_blocked, id=7592, stack(0x000000001e1f0000,0x000000001e2f0000)]
  0x0000000016b18800 JavaThread "Cache worker for journal cache (C:\Users\User\.gradle\caches\journal-1)" [_thread_blocked, id=9228, stack(0x000000001a510000,0x000000001a610000)]
  0x0000000016b19800 JavaThread "File lock request listener" [_thread_in_native, id=5484, stack(0x000000001a410000,0x000000001a510000)]
  0x0000000016b17000 JavaThread "Cache worker for file hash cache (C:\Users\User\.gradle\caches\6.9\fileHashes)" [_thread_blocked, id=8212, stack(0x000000001a310000,0x000000001a410000)]
  0x0000000018139800 JavaThread "Daemon worker" [_thread_in_Java, id=7312, stack(0x0000000019d10000,0x0000000019e10000)]
  0x00000000180cf000 JavaThread "Daemon" [_thread_blocked, id=7472, stack(0x0000000019a10000,0x0000000019b10000)]
  0x00000000180d8000 JavaThread "Daemon periodic checks" [_thread_blocked, id=11968, stack(0x0000000019710000,0x0000000019810000)]
  0x00000000180b3800 JavaThread "Incoming local TCP Connector on port 52249" [_thread_in_native, id=11080, stack(0x00000000194d0000,0x00000000195d0000)]
  0x0000000017ffd800 JavaThread "Daemon health stats" [_thread_blocked, id=10672, stack(0x0000000019090000,0x0000000019190000)]
  0x0000000016119800 JavaThread "Service Thread" daemon [_thread_blocked, id=7844, stack(0x00000000164f0000,0x00000000165f0000)]
  0x0000000014794000 JavaThread "C1 CompilerThread2" daemon [_thread_in_vm, id=11256, stack(0x0000000015ff0000,0x00000000160f0000)]
=>0x000000001478f000 JavaThread "C2 CompilerThread1" daemon [_thread_in_native, id=7396, stack(0x0000000015ef0000,0x0000000015ff0000)]
  0x000000001478a800 JavaThread "C2 CompilerThread0" daemon [_thread_in_native, id=10360, stack(0x0000000015df0000,0x0000000015ef0000)]
  0x0000000014786000 JavaThread "Attach Listener" daemon [_thread_blocked, id=2248, stack(0x0000000015cf0000,0x0000000015df0000)]
  0x0000000014785000 JavaThread "Signal Dispatcher" daemon [_thread_blocked, id=12120, stack(0x0000000015bf0000,0x0000000015cf0000)]
  0x000000000340d000 JavaThread "Finalizer" daemon [_thread_blocked, id=8012, stack(0x00000000159f0000,0x0000000015af0000)]
  0x0000000014769000 JavaThread "Reference Handler" daemon [_thread_blocked, id=5608, stack(0x00000000158f0000,0x00000000159f0000)]
  0x000000000320e800 JavaThread "main" [_thread_blocked, id=2404, stack(0x0000000003210000,0x0000000003310000)]

Other Threads:
  0x0000000014747800 VMThread [stack: 0x00000000157f0000,0x00000000158f0000] [id=13040]
  0x000000001611b800 WatcherThread [stack: 0x00000000165f0000,0x00000000166f0000] [id=14276]

VM state:not at safepoint (normal execution)

VM Mutex/Monitor currently owned by a thread:  ([mutex/lock_event])
[0x0000000003310950] CompiledIC_lock - owner thread: 0x0000000014794000

heap address: 0x00000000e0000000, size: 512 MB, Compressed Oops mode: 32-bit
Narrow klass base: 0x0000000000000000, Narrow klass shift: 3
Compressed class space size: 1073741824 Address: 0x0000000100000000

Heap:
 PSYoungGen      total 151552K, used 9553K [0x00000000f5580000, 0x0000000100000000, 0x0000000100000000)
  eden space 128512K, 3% used [0x00000000f5580000,0x00000000f59745a0,0x00000000fd300000)
  from space 23040K, 23% used [0x00000000fe980000,0x00000000feee0000,0x0000000100000000)
  to   space 23040K, 0% used [0x00000000fd300000,0x00000000fd300000,0x00000000fe980000)
 ParOldGen       total 309760K, used 201752K [0x00000000e0000000, 0x00000000f2e80000, 0x00000000f5580000)
  object space 309760K, 65% used [0x00000000e0000000,0x00000000ec506158,0x00000000f2e80000)
 Metaspace       used 129191K, capacity 137486K, committed 137600K, reserved 1169408K
  class space    used 16496K, capacity 18260K, committed 18304K, reserved 1048576K

Card table byte_map: [0x00000000127d0000,0x00000000128e0000] byte_map_base: 0x00000000120d0000

Marking Bits: (ParMarkBitMap*) 0x0000000055053420
 Begin Bits: [0x0000000012ce0000, 0x00000000134e0000)
 End Bits:   [0x00000000134e0000, 0x0000000013ce0000)

Polling page: 0x0000000003090000

CodeCache: size=245760Kb used=74241Kb max_used=74241Kb free=171518Kb
 bounds [0x0000000003410000, 0x0000000007cf0000, 0x0000000012410000]
 total_blobs=21731 nmethods=20767 adapters=874
 compilation: enabled

Compilation events (10 events):
Event: 505.379 Thread 0x0000000014794000 25500       3       com.google.common.collect.AbstractListMultimap::wrapCollection (11 bytes)
Event: 505.379 Thread 0x0000000014794000 nmethod 25500 0x0000000007ce39d0 code [0x0000000007ce3b80, 0x0000000007ce4318]
Event: 505.380 Thread 0x0000000014794000 25501       3       com.google.common.collect.AbstractMapBasedMultimap::wrapList (33 bytes)
Event: 505.380 Thread 0x0000000014794000 nmethod 25501 0x0000000007ce4610 code [0x0000000007ce47c0, 0x0000000007ce4d78]
Event: 505.382 Thread 0x0000000014794000 25502       3       com.google.common.collect.AbstractMapBasedMultimap$RandomAccessWrappedList::<init> (15 bytes)
Event: 505.382 Thread 0x0000000014794000 nmethod 25502 0x0000000007ce4fd0 code [0x0000000007ce5140, 0x0000000007ce5348]
Event: 505.383 Thread 0x0000000014794000 25498       3       com.android.build.gradle.internal.scope.GlobalScope$$Lambda$670/54625388::call (8 bytes)
Event: 505.384 Thread 0x0000000014794000 nmethod 25498 0x0000000007ce5450 code [0x0000000007ce55c0, 0x0000000007ce57e8]
Event: 505.385 Thread 0x0000000014794000 25499       3       com.android.build.gradle.internal.scope.GlobalScope$$Lambda$671/429890680::call (8 bytes)
Event: 505.385 Thread 0x0000000014794000 nmethod 25499 0x0000000007ce5890 code [0x0000000007ce5a00, 0x0000000007ce5c28]

GC Heap History (10 events):
Event: 501.434 GC heap before
{Heap before GC invocations=36 (full 4):
 PSYoungGen      total 150528K, used 141463K [0x00000000f5580000, 0x0000000100000000, 0x0000000100000000)
  eden space 126976K, 99% used [0x00000000f5580000,0x00000000fd179158,0x00000000fd180000)
  from space 23552K, 61% used [0x00000000fd180000,0x00000000fdfacca0,0x00000000fe880000)
  to   space 23552K, 0% used [0x00000000fe900000,0x00000000fe900000,0x0000000100000000)
 ParOldGen       total 309760K, used 176911K [0x00000000e0000000, 0x00000000f2e80000, 0x00000000f5580000)
  object space 309760K, 57% used [0x00000000e0000000,0x00000000eacc3ff0,0x00000000f2e80000)
 Metaspace       used 118554K, capacity 126530K, committed 126720K, reserved 1159168K
  class space    used 15437K, capacity 17060K, committed 17152K, reserved 1048576K
Event: 501.462 GC heap after
Heap after GC invocations=36 (full 4):
 PSYoungGen      total 150016K, used 13047K [0x00000000f5580000, 0x00000000fff00000, 0x0000000100000000)
  eden space 127488K, 0% used [0x00000000f5580000,0x00000000f5580000,0x00000000fd200000)
  from space 22528K, 57% used [0x00000000fe900000,0x00000000ff5bdcb0,0x00000000fff00000)
  to   space 23040K, 0% used [0x00000000fd200000,0x00000000fd200000,0x00000000fe880000)
 ParOldGen       total 309760K, used 184100K [0x00000000e0000000, 0x00000000f2e80000, 0x00000000f5580000)
  object space 309760K, 59% used [0x00000000e0000000,0x00000000eb3c9120,0x00000000f2e80000)
 Metaspace       used 118554K, capacity 126530K, committed 126720K, reserved 1159168K
  class space    used 15437K, capacity 17060K, committed 17152K, reserved 1048576K
}
Event: 503.009 GC heap before
{Heap before GC invocations=37 (full 4):
 PSYoungGen      total 150016K, used 140017K [0x00000000f5580000, 0x00000000fff00000, 0x0000000100000000)
  eden space 127488K, 99% used [0x00000000f5580000,0x00000000fd17e7c8,0x00000000fd200000)
  from space 22528K, 57% used [0x00000000fe900000,0x00000000ff5bdcb0,0x00000000fff00000)
  to   space 23040K, 0% used [0x00000000fd200000,0x00000000fd200000,0x00000000fe880000)
 ParOldGen       total 309760K, used 184100K [0x00000000e0000000, 0x00000000f2e80000, 0x00000000f5580000)
  object space 309760K, 59% used [0x00000000e0000000,0x00000000eb3c9120,0x00000000f2e80000)
 Metaspace       used 119397K, capacity 127462K, committed 127744K, reserved 1159168K
  class space    used 15456K, capacity 17102K, committed 17152K, reserved 1048576K
Event: 503.025 GC heap after
Heap after GC invocations=37 (full 4):
 PSYoungGen      total 150528K, used 10131K [0x00000000f5580000, 0x00000000ffe80000, 0x0000000100000000)
  eden space 127488K, 0% used [0x00000000f5580000,0x00000000f5580000,0x00000000fd200000)
  from space 23040K, 43% used [0x00000000fd200000,0x00000000fdbe4c90,0x00000000fe880000)
  to   space 22016K, 0% used [0x00000000fe900000,0x00000000fe900000,0x00000000ffe80000)
 ParOldGen       total 309760K, used 187850K [0x00000000e0000000, 0x00000000f2e80000, 0x00000000f5580000)
  object space 309760K, 60% used [0x00000000e0000000,0x00000000eb772bd8,0x00000000f2e80000)
 Metaspace       used 119397K, capacity 127462K, committed 127744K, reserved 1159168K
  class space    used 15456K, capacity 17102K, committed 17152K, reserved 1048576K
}
Event: 504.441 GC heap before
{Heap before GC invocations=38 (full 4):
 PSYoungGen      total 150528K, used 137619K [0x00000000f5580000, 0x00000000ffe80000, 0x0000000100000000)
  eden space 127488K, 100% used [0x00000000f5580000,0x00000000fd200000,0x00000000fd200000)
  from space 23040K, 43% used [0x00000000fd200000,0x00000000fdbe4c90,0x00000000fe880000)
  to   space 22016K, 0% used [0x00000000fe900000,0x00000000fe900000,0x00000000ffe80000)
 ParOldGen       total 309760K, used 187850K [0x00000000e0000000, 0x00000000f2e80000, 0x00000000f5580000)
  object space 309760K, 60% used [0x00000000e0000000,0x00000000eb772bd8,0x00000000f2e80000)
 Metaspace       used 128675K, capacity 136878K, committed 137088K, reserved 1167360K
  class space    used 16468K, capacity 18218K, committed 18304K, reserved 1048576K
Event: 504.455 GC heap after
Heap after GC invocations=38 (full 4):
 PSYoungGen      total 150528K, used 16326K [0x00000000f5580000, 0x0000000100000000, 0x0000000100000000)
  eden space 128512K, 0% used [0x00000000f5580000,0x00000000f5580000,0x00000000fd300000)
  from space 22016K, 74% used [0x00000000fe900000,0x00000000ff8f1860,0x00000000ffe80000)
  to   space 22528K, 0% used [0x00000000fd300000,0x00000000fd300000,0x00000000fe900000)
 ParOldGen       total 309760K, used 191012K [0x00000000e0000000, 0x00000000f2e80000, 0x00000000f5580000)
  object space 309760K, 61% used [0x00000000e0000000,0x00000000eba89210,0x00000000f2e80000)
 Metaspace       used 128675K, capacity 136878K, committed 137088K, reserved 1167360K
  class space    used 16468K, capacity 18218K, committed 18304K, reserved 1048576K
}
Event: 504.962 GC heap before
{Heap before GC invocations=39 (full 4):
 PSYoungGen      total 150528K, used 144838K [0x00000000f5580000, 0x0000000100000000, 0x0000000100000000)
  eden space 128512K, 100% used [0x00000000f5580000,0x00000000fd300000,0x00000000fd300000)
  from space 22016K, 74% used [0x00000000fe900000,0x00000000ff8f1860,0x00000000ffe80000)
  to   space 22528K, 0% used [0x00000000fd300000,0x00000000fd300000,0x00000000fe900000)
 ParOldGen       total 309760K, used 191012K [0x00000000e0000000, 0x00000000f2e80000, 0x00000000f5580000)
  object space 309760K, 61% used [0x00000000e0000000,0x00000000eba89210,0x00000000f2e80000)
 Metaspace       used 129042K, capacity 137312K, committed 137600K, reserved 1169408K
  class space    used 16491K, capacity 18253K, committed 18304K, reserved 1048576K
Event: 504.973 GC heap after
Heap after GC invocations=39 (full 4):
 PSYoungGen      total 151040K, used 5239K [0x00000000f5580000, 0x0000000100000000, 0x0000000100000000)
  eden space 128512K, 0% used [0x00000000f5580000,0x00000000f5580000,0x00000000fd300000)
  from space 22528K, 23% used [0x00000000fd300000,0x00000000fd81de50,0x00000000fe900000)
  to   space 23040K, 0% used [0x00000000fe980000,0x00000000fe980000,0x0000000100000000)
 ParOldGen       total 309760K, used 197108K [0x00000000e0000000, 0x00000000f2e80000, 0x00000000f5580000)
  object space 309760K, 63% used [0x00000000e0000000,0x00000000ec07d148,0x00000000f2e80000)
 Metaspace       used 129042K, capacity 137312K, committed 137600K, reserved 1169408K
  class space    used 16491K, capacity 18253K, committed 18304K, reserved 1048576K
}
Event: 505.355 GC heap before
{Heap before GC invocations=40 (full 4):
 PSYoungGen      total 151040K, used 133751K [0x00000000f5580000, 0x0000000100000000, 0x0000000100000000)
  eden space 128512K, 100% used [0x00000000f5580000,0x00000000fd300000,0x00000000fd300000)
  from space 22528K, 23% used [0x00000000fd300000,0x00000000fd81de50,0x00000000fe900000)
  to   space 23040K, 0% used [0x00000000fe980000,0x00000000fe980000,0x0000000100000000)
 ParOldGen       total 309760K, used 197108K [0x00000000e0000000, 0x00000000f2e80000, 0x00000000f5580000)
  object space 309760K, 63% used [0x00000000e0000000,0x00000000ec07d148,0x00000000f2e80000)
 Metaspace       used 129168K, capacity 137422K, committed 137600K, reserved 1169408K
  class space    used 16496K, capacity 18260K, committed 18304K, reserved 1048576K
Event: 505.367 GC heap after
Heap after GC invocations=40 (full 4):
 PSYoungGen      total 151552K, used 5504K [0x00000000f5580000, 0x0000000100000000, 0x0000000100000000)
  eden space 128512K, 0% used [0x00000000f5580000,0x00000000f5580000,0x00000000fd300000)
  from space 23040K, 23% used [0x00000000fe980000,0x00000000feee0000,0x0000000100000000)
  to   space 23040K, 0% used [0x00000000fd300000,0x00000000fd300000,0x00000000fe980000)
 ParOldGen       total 309760K, used 201752K [0x00000000e0000000, 0x00000000f2e80000, 0x00000000f5580000)
  object space 309760K, 65% used [0x00000000e0000000,0x00000000ec506158,0x00000000f2e80000)
 Metaspace       used 129168K, capacity 137422K, committed 137600K, reserved 1169408K
  class space    used 16496K, capacity 18260K, committed 18304K, reserved 1048576K
}

Deoptimization events (10 events):
Event: 504.909 Thread 0x0000000018139800 Uncommon trap: reason=predicate action=maybe_recompile pc=0x0000000007b70700 method=java.util.Arrays.fill([Ljava/lang/Object;IILjava/lang/Object;)V @ 16
Event: 504.945 Thread 0x0000000018139800 Uncommon trap: reason=bimorphic action=maybe_recompile pc=0x0000000006bb14ec method=com.google.common.collect.RegularImmutableMap.fromEntryArray(I[Ljava/util/Map$Entry;)Lcom/google/common/collect/ImmutableMap; @ 70
Event: 504.945 Thread 0x0000000018139800 Uncommon trap: reason=bimorphic action=maybe_recompile pc=0x00000000047929c0 method=java.util.Comparator.lambda$thenComparing$36697e65$1(Ljava/util/Comparator;Ljava/lang/Object;Ljava/lang/Object;)I @ 3
Event: 505.021 Thread 0x0000000018139800 Uncommon trap: reason=bimorphic action=maybe_recompile pc=0x0000000006bb14ec method=com.google.common.collect.RegularImmutableMap.fromEntryArray(I[Ljava/util/Map$Entry;)Lcom/google/common/collect/ImmutableMap; @ 70
Event: 505.097 Thread 0x000000001c663800 Uncommon trap: reason=null_check action=make_not_entrant pc=0x0000000007bd8870 method=org.gradle.tooling.internal.provider.runner.SubtreeFilteringBuildOperationListener.finished(Lorg/gradle/internal/operations/BuildOperationDescriptor;Lorg/gradle/internal
Event: 505.142 Thread 0x0000000018139800 Uncommon trap: reason=array_check action=maybe_recompile pc=0x0000000006cd48b0 method=com.google.common.collect.RegularImmutableMap.fromEntryArray(I[Ljava/util/Map$Entry;)Lcom/google/common/collect/ImmutableMap; @ 157
Event: 505.217 Thread 0x000000001c668000 Uncommon trap: reason=null_check action=make_not_entrant pc=0x0000000007c9a410 method=org.gradle.tooling.internal.provider.runner.SubtreeFilteringBuildOperationListener.started(Lorg/gradle/internal/operations/BuildOperationDescriptor;Lorg/gradle/internal/
Event: 505.256 Thread 0x0000000018139800 Uncommon trap: reason=unstable_if action=reinterpret pc=0x0000000005c6dcdc method=com.esotericsoftware.kryo.io.Output.writeBoolean(Z)V @ 8
Event: 505.347 Thread 0x0000000018139800 Uncommon trap: reason=bimorphic action=maybe_recompile pc=0x0000000007ae6b80 method=com.google.common.collect.ImmutableList.iterator()Ljava/util/Iterator; @ 1
Event: 505.348 Thread 0x0000000018139800 Uncommon trap: reason=bimorphic action=maybe_recompile pc=0x0000000007ae6b80 method=com.google.common.collect.ImmutableList.iterator()Ljava/util/Iterator; @ 1

Classes redefined (0 events):
No events

Internal exceptions (10 events):
Event: 502.847 Thread 0x000000001c6d7000 Exception <a 'sun/nio/fs/WindowsException'> (0x00000000fcd68d30) thrown at [C:\cygwin64\tmp\build\source\java-1.8.0-openjdk\tmp\jdk8u\hotspot\src\share\vm\prims\jni.cpp, line 711]
Event: 502.848 Thread 0x000000001c6d7000 Exception <a 'sun/nio/fs/WindowsException'> (0x00000000fcd6d3e8) thrown at [C:\cygwin64\tmp\build\source\java-1.8.0-openjdk\tmp\jdk8u\hotspot\src\share\vm\prims\jni.cpp, line 711]
Event: 502.848 Thread 0x000000001c6d7000 Exception <a 'sun/nio/fs/WindowsException'> (0x00000000fcd6dbf8) thrown at [C:\cygwin64\tmp\build\source\java-1.8.0-openjdk\tmp\jdk8u\hotspot\src\share\vm\prims\jni.cpp, line 711]
Event: 502.848 Thread 0x000000001c6d7000 Exception <a 'sun/nio/fs/WindowsException'> (0x00000000fcd6e578) thrown at [C:\cygwin64\tmp\build\source\java-1.8.0-openjdk\tmp\jdk8u\hotspot\src\share\vm\prims\jni.cpp, line 711]
Event: 503.163 Thread 0x0000000018139800 Implicit null exception at 0x0000000007938cd8 to 0x000000000793e649
Event: 504.500 Thread 0x0000000018139800 Implicit null exception at 0x000000000366ee9e to 0x000000000366f021
Event: 504.659 Thread 0x0000000018139800 Implicit null exception at 0x0000000005e58d88 to 0x0000000005e5b4b1
Event: 504.659 Thread 0x0000000018139800 Implicit null exception at 0x0000000006d0fc04 to 0x0000000006d154b1
Event: 505.097 Thread 0x000000001c663800 Implicit null exception at 0x0000000007bd7dff to 0x0000000007bd8849
Event: 505.217 Thread 0x000000001c668000 Implicit null exception at 0x0000000007c99759 to 0x0000000007c9a3e9

Events (10 events):
Event: 505.367 Executing VM operation: ParallelGCFailedAllocation done
Event: 505.367 Executing VM operation: RevokeBias
Event: 505.367 Executing VM operation: RevokeBias done
Event: 505.377 loading class org/gradle/api/plugins/JavaPluginConvention
Event: 505.377 loading class org/gradle/api/plugins/JavaPluginConvention done
Event: 505.377 loading class org/gradle/api/plugins/JavaPluginConvention
Event: 505.377 loading class org/gradle/api/plugins/JavaPluginConvention done
Event: 505.377 loading class org/gradle/api/plugins/Convention
Event: 505.377 loading class org/gradle/api/plugins/Convention done
Event: 505.386 Thread 0x0000000014794000 flushing nmethod 0x0000000005e0f850


Dynamic libraries:
0x00007ff608340000 - 0x00007ff608375000 	C:\Program Files\OpenJDK\openjdk-8u292-b10\bin\java.exe
0x00007ffcb71f0000 - 0x00007ffcb73e5000 	C:\Windows\SYSTEM32\ntdll.dll
0x00007ffcb5dc0000 - 0x00007ffcb5e7e000 	C:\Windows\System32\KERNEL32.DLL
0x00007ffcb4c20000 - 0x00007ffcb4ee8000 	C:\Windows\System32\KERNELBASE.dll
0x00007ffcb5830000 - 0x00007ffcb58de000 	C:\Windows\System32\ADVAPI32.dll
0x00007ffcb6ad0000 - 0x00007ffcb6b6e000 	C:\Windows\System32\msvcrt.dll
0x00007ffcb5730000 - 0x00007ffcb57cc000 	C:\Windows\System32\sechost.dll
0x00007ffcb5e80000 - 0x00007ffcb5fa5000 	C:\Windows\System32\RPCRT4.dll
0x00007ffcb6df0000 - 0x00007ffcb6f91000 	C:\Windows\System32\USER32.dll
0x00007ffcb4ef0000 - 0x00007ffcb4f12000 	C:\Windows\System32\win32u.dll
0x00007ffcb68b0000 - 0x00007ffcb68db000 	C:\Windows\System32\GDI32.dll
0x00007ffcb5020000 - 0x00007ffcb512d000 	C:\Windows\System32\gdi32full.dll
0x00007ffcb4960000 - 0x00007ffcb49fd000 	C:\Windows\System32\msvcp_win.dll
0x00007ffcb4f20000 - 0x00007ffcb5020000 	C:\Windows\System32\ucrtbase.dll
0x00007ffc9fbf0000 - 0x00007ffc9fe8a000 	C:\Windows\WinSxS\amd64_microsoft.windows.common-controls_6595b64144ccf1df_6.0.19041.1110_none_60b5254171f9507e\COMCTL32.dll
0x00007ffcb70d0000 - 0x00007ffcb7100000 	C:\Windows\System32\IMM32.DLL
0x00000000550e0000 - 0x00000000551b2000 	C:\Program Files\OpenJDK\openjdk-8u292-b10\jre\bin\msvcr100.dll
0x0000000054840000 - 0x00000000550d5000 	C:\Program Files\OpenJDK\openjdk-8u292-b10\jre\bin\server\jvm.dll
0x00007ffcb6bd0000 - 0x00007ffcb6bd8000 	C:\Windows\System32\PSAPI.DLL
0x00007ffcaf600000 - 0x00007ffcaf60a000 	C:\Windows\SYSTEM32\VERSION.dll
0x00007ffca0fe0000 - 0x00007ffca1007000 	C:\Windows\SYSTEM32\WINMM.dll
0x00007ffcacd70000 - 0x00007ffcacd79000 	C:\Windows\SYSTEM32\WSOCK32.dll
0x00007ffcb69b0000 - 0x00007ffcb6a1b000 	C:\Windows\System32\WS2_32.dll
0x00007ffc90180000 - 0x00007ffc9018f000 	C:\Program Files\OpenJDK\openjdk-8u292-b10\jre\bin\verify.dll
0x00007ffc8b810000 - 0x00007ffc8b839000 	C:\Program Files\OpenJDK\openjdk-8u292-b10\jre\bin\java.dll
0x00007ffc61cc0000 - 0x00007ffc61cd6000 	C:\Program Files\OpenJDK\openjdk-8u292-b10\jre\bin\zip.dll
0x00007ffcb5fb0000 - 0x00007ffcb66f4000 	C:\Windows\System32\SHELL32.dll
0x00007ffcb2a10000 - 0x00007ffcb31a5000 	C:\Windows\SYSTEM32\windows.storage.dll
0x00007ffcb53d0000 - 0x00007ffcb5725000 	C:\Windows\System32\combase.dll
0x00007ffcb4280000 - 0x00007ffcb42ae000 	C:\Windows\SYSTEM32\Wldp.dll
0x00007ffcb7100000 - 0x00007ffcb71ad000 	C:\Windows\System32\SHCORE.dll
0x00007ffcb58e0000 - 0x00007ffcb5935000 	C:\Windows\System32\shlwapi.dll
0x00007ffcb4840000 - 0x00007ffcb485f000 	C:\Windows\SYSTEM32\profapi.dll
0x00007ffc61ca0000 - 0x00007ffc61cbb000 	C:\Program Files\OpenJDK\openjdk-8u292-b10\jre\bin\net.dll
0x00007ffcb3fe0000 - 0x00007ffcb404a000 	C:\Windows\system32\mswsock.dll
0x00007ffc61c80000 - 0x00007ffc61c92000 	C:\Program Files\OpenJDK\openjdk-8u292-b10\jre\bin\nio.dll
0x00007ffc61c50000 - 0x00007ffc61c77000 	C:\Users\User\.gradle\native\49d0259a56938c7f99b2704e745ce422c4f750a7a20b539a32ccef96729676b1\windows-amd64\native-platform.dll
0x00007ffc47f10000 - 0x00007ffc480a6000 	C:\Users\User\.gradle\native\12488b8bf47d2d4c9fbf2f6322a914ad602e24e48041cd04a747c6da556b65c4\windows-amd64\native-platform-file-events.dll
0x00007ffc8e190000 - 0x00007ffc8e19d000 	C:\Program Files\OpenJDK\openjdk-8u292-b10\jre\bin\management.dll
0x00007ffcb41d0000 - 0x00007ffcb41e8000 	C:\Windows\SYSTEM32\CRYPTSP.dll
0x00007ffcb3960000 - 0x00007ffcb3994000 	C:\Windows\system32\rsaenh.dll
0x00007ffcb4a90000 - 0x00007ffcb4ab7000 	C:\Windows\System32\bcrypt.dll
0x00007ffcb4800000 - 0x00007ffcb482e000 	C:\Windows\SYSTEM32\USERENV.dll
0x00007ffcb4a00000 - 0x00007ffcb4a82000 	C:\Windows\System32\bcryptprimitives.dll
0x00007ffcb41f0000 - 0x00007ffcb41fc000 	C:\Windows\SYSTEM32\CRYPTBASE.dll
0x00007ffcb3cd0000 - 0x00007ffcb3d0b000 	C:\Windows\SYSTEM32\IPHLPAPI.DLL
0x00007ffcb6ab0000 - 0x00007ffcb6ab8000 	C:\Windows\System32\NSI.dll
0x00007ffcae3f0000 - 0x00007ffcae407000 	C:\Windows\SYSTEM32\dhcpcsvc6.DLL
0x00007ffcae870000 - 0x00007ffcae88d000 	C:\Windows\SYSTEM32\dhcpcsvc.DLL
0x00007ffcb3d10000 - 0x00007ffcb3ddb000 	C:\Windows\SYSTEM32\DNSAPI.dll
0x00007ffcb35f0000 - 0x00007ffcb3623000 	C:\Windows\SYSTEM32\ntmarta.dll
0x00007ffca4f00000 - 0x00007ffca4f1e000 	C:\Users\User\AppData\Local\Temp\native-platform124805467058445049dir\native-platform.dll
0x00007ffca4a40000 - 0x00007ffca4a5e000 	C:\Users\User\AppData\Local\Temp\native-platform1585690995219044789dir\native-platform.dll

VM Arguments:
jvm_args: -XX:MaxMetaspaceSize=256m -XX:+HeapDumpOnOutOfMemoryError -Xms256m -Xmx512m -Dfile.encoding=windows-1252 -Duser.country=US -Duser.language=en -Duser.variant 
java_command: org.gradle.launcher.daemon.bootstrap.GradleDaemon 6.9
java_class_path (initial): C:\Users\User\.gradle\wrapper\dists\gradle-6.9-all\dooywd8nv05k16orzxge2b1bs\gradle-6.9\lib\gradle-launcher-6.9.jar
Launcher Type: SUN_STANDARD

Environment Variables:
JAVA_HOME=C:\Program Files\OpenJDK\openjdk-8u292-b10
CLASSPATH=D:\aaa\bolt\android\\gradle\wrapper\gradle-wrapper.jar
PATH=C:\Windows\system32;C:\Windows;C:\Windows\System32\Wbem;C:\Windows\System32\WindowsPowerShell\v1.0\;C:\Windows\System32\OpenSSH\;C:\Program Files\Git\cmd;C:\ProgramData\chocolatey\bin;C:\Program Files\OpenJDK\openjdk-8u292-b10\bin;C:\Program Files\nodejs\;C:\Program Files (x86)\Yarn\bin\;C:\Users\User\AppData\Local\Programs\Python\Python39\Scripts\;C:\Users\User\AppData\Local\Programs\Python\Python39\;C:\Users\User\AppData\Local\Microsoft\WindowsApps;C:\Users\User\AppData\Local\GitHubDesktop\bin;C:\Users\User\AppData\Roaming\npm;C:\Users\User\AppData\Local\Yarn\bin;C:\Users\User\AppData\Local\Android\Sdk\platform-tools;C:\Program Files\Git\usr\bin\openssl.exe;C:\Users\User\AppData\Local\Programs\Microsoft VS Code\bin;C:\Program Files\Gradles\bin;C:\Program Files\heroku\bin;
USERNAME=User
OS=Windows_NT
PROCESSOR_IDENTIFIER=Intel64 Family 6 Model 158 Stepping 9, GenuineIntel



---------------  S Y S T E M  ---------------

OS: Windows 10.0 , 64 bit Build 19041 (10.0.19041.1466)

CPU:total 4 (initial active 4) (4 cores per cpu, 1 threads per core) family 6 model 158 stepping 9, cmov, cx8, fxsr, mmx, sse, sse2, sse3, ssse3, sse4.1, sse4.2, popcnt, avx, avx2, aes, clmul, erms, 3dnowpref, lzcnt, tsc, tscinvbit, bmi1, bmi2, adx

Memory: 4k page, physical 16661200k(1324884k free), swap 31242052k(5180k free)

vm_info: OpenJDK 64-Bit Server VM (25.292-b10) for windows-amd64 JRE (1.8.0_292-b10), built on Apr  9 2021 12:12:51 by "build" with MS VC++ 10.0 (VS2010)

time: Mon Jan 17 17:14:05 2022
timezone: Bangladesh Standard Time
elapsed time: 505.399090 seconds (0d 0h 8m 25s)

